#
# There is insufficient memory for the Java Runtime Environment to continue.
# Native memory allocation (malloc) failed to allocate 499856 bytes for Chunk::new
# Possible reasons:
#   The system is out of physical RAM or swap space
#   The process is running with CompressedOops enabled, and the Java Heap may be blocking the growth of the native heap
# Possible solutions:
#   Reduce memory load on the system
#   Increase physical memory or swap space
#   Check if swap backing store is full
#   Decrease Java heap size (-Xmx/-Xms)
#   Decrease number of Java threads
#   Decrease Java thread stack sizes (-Xss)
#   Set larger code cache with -XX:ReservedCodeCacheSize=
#   JVM is running with Unscaled Compressed Oops mode in which the Java heap is
#     placed in the first 4GB address space. The Java Heap base address is the
#     maximum limit for the native heap growth. Please use -XX:HeapBaseMinAddress
#     to set the Java Heap base and to place the Java Heap above 4GB virtual address.
# This output file may be truncated or incomplete.
#
#  Out of Memory Error (t:/workspace/open/src/hotspot/share/memory/arena.cpp:196), pid=13616, tid=4548
#
# JRE version: Java(TM) SE Runtime Environment (13.0.1+9) (build 13.0.1+9)
# Java VM: Java HotSpot(TM) 64-Bit Server VM (13.0.1+9, mixed mode, sharing, tiered, compressed oops, parallel gc, windows-amd64)
# No core dump will be written. Minidumps are not enabled by default on client versions of Windows
#

---------------  S U M M A R Y ------------

Command Line: --add-modules=ALL-SYSTEM --add-opens=java.base/java.util=ALL-UNNAMED --add-opens=java.base/java.lang=ALL-UNNAMED -Declipse.application=org.eclipse.jdt.ls.core.id1 -Dosgi.bundles.defaultStartLevel=4 -Declipse.product=org.eclipse.jdt.ls.core.product -Dfile.encoding=utf8 -DwatchParentProcess=false -XX:+UseParallelGC -XX:GCTimeRatio=4 -XX:AdaptiveSizePolicyWeight=90 -Dsun.zip.disableMemoryMapping=true -Xmx1G -Xms100m -javaagent:c:\Users\xogud\.vscode\extensions\gabrielbb.vscode-lombok-1.0.1\server\lombok.jar c:\Users\xogud\.vscode\extensions\redhat.java-0.80.0\server\plugins\org.eclipse.equinox.launcher_1.6.200.v20210416-2027.jar -configuration c:\Users\xogud\AppData\Roaming\Code\User\globalStorage\redhat.java\0.80.0\config_win -data c:\Users\xogud\AppData\Roaming\Code\User\workspaceStorage\ff9b24970769532611ed4ae44a523e22\redhat.java\jdt_ws

Host: Intel(R) Core(TM) i5-8250U CPU @ 1.60GHz, 8 cores, 7G,  Windows 10 , 64 bit Build 19041 (10.0.19041.1023)
Time: Mon Jul 12 21:37:15 2021 대한민국 표준시 elapsed time: 21 seconds (0d 0h 0m 21s)

---------------  T H R E A D  ---------------

Current thread (0x0000024f56e76000):  JavaThread "C2 CompilerThread0" daemon [_thread_in_native, id=4548, stack(0x000000d4b4100000,0x000000d4b4200000)]


Current CompileTask:
C2:  21975 6608 %     4       org.eclipse.jdt.internal.compiler.lookup.BinaryTypeBinding::createMethod @ 222 (1689 bytes)

Stack: [0x000000d4b4100000,0x000000d4b4200000]
Native frames: (J=compiled Java code, j=interpreted, Vv=VM code, C=native code)
V  [jvm.dll+0x626eca]
V  [jvm.dll+0x772c6a]
V  [jvm.dll+0x77441f]
V  [jvm.dll+0x774a23]
V  [jvm.dll+0x24da58]
V  [jvm.dll+0xc3ae7]
V  [jvm.dll+0xc406c]
V  [jvm.dll+0x2bfa84]
V  [jvm.dll+0x545e6d]
V  [jvm.dll+0x20fd2a]
V  [jvm.dll+0x209740]
V  [jvm.dll+0x2069bd]
V  [jvm.dll+0x18b94c]
V  [jvm.dll+0x2159bd]
V  [jvm.dll+0x213e6b]
V  [jvm.dll+0x738b16]
V  [jvm.dll+0x731c0a]
V  [jvm.dll+0x6260c6]
C  [ucrtbase.dll+0x21bb2]
C  [KERNEL32.DLL+0x17034]
C  [ntdll.dll+0x52651]


---------------  P R O C E S S  ---------------

Threads class SMR info:
_java_thread_list=0x0000024f5bd600a0, length=36, elements={
0x0000024f3b11f000, 0x0000024f3b1fc000, 0x0000024f3b1fe000, 0x0000024f56e73800,
0x0000024f56e75000, 0x0000024f56e76000, 0x0000024f56e79000, 0x0000024f56e7c000,
0x0000024f56f89800, 0x0000024f5708c000, 0x0000024f57c81000, 0x0000024f57bdb800,
0x0000024f57a21000, 0x0000024f57d5a000, 0x0000024f57cf1800, 0x0000024f57fc9000,
0x0000024f57f8e800, 0x0000024f57f56800, 0x0000024f58547000, 0x0000024f58543000,
0x0000024f58542000, 0x0000024f58543800, 0x0000024f58546000, 0x0000024f58548800,
0x0000024f58548000, 0x0000024f58545800, 0x0000024f66701000, 0x0000024f66703800,
0x0000024f66706000, 0x0000024f66702800, 0x0000024f66704000, 0x0000024f66700000,
0x0000024f6670b000, 0x0000024f66706800, 0x0000024f57fd4800, 0x0000024f5a07b000
}

Java Threads: ( => current thread )
  0x0000024f3b11f000 JavaThread "main" [_thread_blocked, id=14508, stack(0x000000d4b3a00000,0x000000d4b3b00000)]
  0x0000024f3b1fc000 JavaThread "Reference Handler" daemon [_thread_blocked, id=13108, stack(0x000000d4b3d00000,0x000000d4b3e00000)]
  0x0000024f3b1fe000 JavaThread "Finalizer" daemon [_thread_blocked, id=1896, stack(0x000000d4b3e00000,0x000000d4b3f00000)]
  0x0000024f56e73800 JavaThread "Signal Dispatcher" daemon [_thread_blocked, id=13520, stack(0x000000d4b3f00000,0x000000d4b4000000)]
  0x0000024f56e75000 JavaThread "Attach Listener" daemon [_thread_blocked, id=556, stack(0x000000d4b4000000,0x000000d4b4100000)]
=>0x0000024f56e76000 JavaThread "C2 CompilerThread0" daemon [_thread_in_native, id=4548, stack(0x000000d4b4100000,0x000000d4b4200000)]
  0x0000024f56e79000 JavaThread "C1 CompilerThread0" daemon [_thread_blocked, id=5408, stack(0x000000d4b4200000,0x000000d4b4300000)]
  0x0000024f56e7c000 JavaThread "Sweeper thread" daemon [_thread_blocked, id=7992, stack(0x000000d4b4300000,0x000000d4b4400000)]
  0x0000024f56f89800 JavaThread "Common-Cleaner" daemon [_thread_blocked, id=14800, stack(0x000000d4b4400000,0x000000d4b4500000)]
  0x0000024f5708c000 JavaThread "Service Thread" daemon [_thread_blocked, id=8248, stack(0x000000d4b4600000,0x000000d4b4700000)]
  0x0000024f57c81000 JavaThread "Active Thread: Equinox Container: f5ec09ee-a60b-4d77-b442-99016b0397f5" [_thread_blocked, id=3512, stack(0x000000d4b4800000,0x000000d4b4900000)]
  0x0000024f57bdb800 JavaThread "Framework Event Dispatcher: Equinox Container: f5ec09ee-a60b-4d77-b442-99016b0397f5" daemon [_thread_blocked, id=2692, stack(0x000000d4b4a00000,0x000000d4b4b00000)]
  0x0000024f57a21000 JavaThread "Start Level: Equinox Container: f5ec09ee-a60b-4d77-b442-99016b0397f5" daemon [_thread_blocked, id=7344, stack(0x000000d4b4b00000,0x000000d4b4c00000)]
  0x0000024f57d5a000 JavaThread "SCR Component Actor" daemon [_thread_blocked, id=10652, stack(0x000000d4b4c00000,0x000000d4b4d00000)]
  0x0000024f57cf1800 JavaThread "Worker-JM" [_thread_blocked, id=1576, stack(0x000000d4b5000000,0x000000d4b5100000)]
  0x0000024f57fc9000 JavaThread "Worker-0" [_thread_blocked, id=14020, stack(0x000000d4b5300000,0x000000d4b5400000)]
  0x0000024f57f8e800 JavaThread "Worker-1" [_thread_blocked, id=1520, stack(0x000000d4b5400000,0x000000d4b5500000)]
  0x0000024f57f56800 JavaThread "Java indexing" daemon [_thread_blocked, id=6488, stack(0x000000d4b5700000,0x000000d4b5800000)]
  0x0000024f58547000 JavaThread "logback configurator timer" daemon [_thread_blocked, id=10020, stack(0x000000d4b5800000,0x000000d4b5900000)]
  0x0000024f58543000 JavaThread "pool-2-thread-1" [_thread_in_native, id=15268, stack(0x000000d4b5900000,0x000000d4b5a00000)]
  0x0000024f58542000 JavaThread "Worker-2" [_thread_blocked, id=11512, stack(0x000000d4b5a00000,0x000000d4b5b00000)]
  0x0000024f58543800 JavaThread "Worker-3" [_thread_blocked, id=3680, stack(0x000000d4b5c00000,0x000000d4b5d00000)]
  0x0000024f58546000 JavaThread "Worker-4" [_thread_blocked, id=11412, stack(0x000000d4b5d00000,0x000000d4b5e00000)]
  0x0000024f58548800 JavaThread "Worker-5" [_thread_blocked, id=14492, stack(0x000000d4b5e00000,0x000000d4b5f00000)]
  0x0000024f58548000 JavaThread "Worker-6" [_thread_blocked, id=8424, stack(0x000000d4b4f00000,0x000000d4b5000000)]
  0x0000024f58545800 JavaThread "Worker-7" [_thread_blocked, id=11600, stack(0x000000d4b5f00000,0x000000d4b6000000)]
  0x0000024f66701000 JavaThread "ForkJoinPool.commonPool-worker-3" daemon [_thread_blocked, id=6316, stack(0x000000d4b6000000,0x000000d4b6100000)]
  0x0000024f66703800 JavaThread "ForkJoinPool.commonPool-worker-5" daemon [_thread_blocked, id=12552, stack(0x000000d4b6200000,0x000000d4b6300000)]
  0x0000024f66706000 JavaThread "ForkJoinPool.commonPool-worker-7" daemon [_thread_blocked, id=2680, stack(0x000000d4b6300000,0x000000d4b6400000)]
  0x0000024f66702800 JavaThread "ForkJoinPool.commonPool-worker-9" daemon [_thread_blocked, id=13500, stack(0x000000d4b6400000,0x000000d4b6500000)]
  0x0000024f66704000 JavaThread "ForkJoinPool.commonPool-worker-11" daemon [_thread_blocked, id=600, stack(0x000000d4b6500000,0x000000d4b6600000)]
  0x0000024f66700000 JavaThread "Bundle File Closer" daemon [_thread_blocked, id=12880, stack(0x000000d4b6600000,0x000000d4b6700000)]
  0x0000024f6670b000 JavaThread "ForkJoinPool.commonPool-worker-13" daemon [_thread_blocked, id=8776, stack(0x000000d4b6700000,0x000000d4b6800000)]
  0x0000024f66706800 JavaThread "ForkJoinPool.commonPool-worker-15" daemon [_thread_blocked, id=12908, stack(0x000000d4b6800000,0x000000d4b6900000)]
  0x0000024f57fd4800 JavaThread "C2 CompilerThread1" daemon [_thread_blocked, id=13496, stack(0x000000d4b5200000,0x000000d4b5300000)]
  0x0000024f5a07b000 JavaThread "C2 CompilerThread2" daemon [_thread_blocked, id=8532, stack(0x000000d4b5b00000,0x000000d4b5c00000)]

Other Threads:
  0x0000024f55211800 VMThread "VM Thread" [stack: 0x000000d4b3c00000,0x000000d4b3d00000] [id=14708]
  0x0000024f570fd800 WatcherThread [stack: 0x000000d4b4700000,0x000000d4b4800000] [id=13120]
  0x0000024f3b138800 GCTaskThread "ParGC Thread#0" [stack: 0x000000d4b3b00000,0x000000d4b3c00000] [id=15092]
  0x0000024f57895800 GCTaskThread "ParGC Thread#1" [stack: 0x000000d4b4900000,0x000000d4b4a00000] [id=13296]
  0x0000024f57b24000 GCTaskThread "ParGC Thread#2" [stack: 0x000000d4b4d00000,0x000000d4b4e00000] [id=7136]
  0x0000024f57f61800 GCTaskThread "ParGC Thread#3" [stack: 0x000000d4b4e00000,0x000000d4b4f00000] [id=11168]
  0x0000024f57fde000 GCTaskThread "ParGC Thread#4" [stack: 0x000000d4b4500000,0x000000d4b4600000] [id=10476]
  0x0000024f57fde800 GCTaskThread "ParGC Thread#5" [stack: 0x000000d4b5100000,0x000000d4b5200000] [id=8696]
  0x0000024f58015800 GCTaskThread "ParGC Thread#6" [stack: 0x000000d4b5500000,0x000000d4b5600000] [id=4040]
  0x0000024f580fe800 GCTaskThread "ParGC Thread#7" [stack: 0x000000d4b5600000,0x000000d4b5700000] [id=1348]

Threads with active compile tasks:
C2 CompilerThread0    22029 6608 %     4       org.eclipse.jdt.internal.compiler.lookup.BinaryTypeBinding::createMethod @ 222 (1689 bytes)

VM state:not at safepoint (normal execution)

VM Mutex/Monitor currently owned by a thread: None

Heap address: 0x00000000c0000000, size: 1024 MB, Compressed Oops mode: 32-bit
Narrow klass base: 0x0000000800000000, Narrow klass shift: 3
Compressed class space size: 1073741824 Address: 0x0000000800b40000

Heap:
 PSYoungGen      total 86528K, used 61938K [0x00000000eab00000, 0x00000000f6800000, 0x0000000100000000)
  eden space 59392K, 58% used [0x00000000eab00000,0x00000000ecd00730,0x00000000ee500000)
  from space 27136K, 99% used [0x00000000ee800000,0x00000000f027c3e0,0x00000000f0280000)
  to   space 67072K, 0% used [0x00000000f2680000,0x00000000f2680000,0x00000000f6800000)
 ParOldGen       total 449536K, used 358661K [0x00000000c0000000, 0x00000000db700000, 0x00000000eab00000)
  object space 449536K, 79% used [0x00000000c0000000,0x00000000d5e41610,0x00000000db700000)
 Metaspace       used 56111K, capacity 59092K, committed 59136K, reserved 1101824K
  class space    used 5925K, capacity 6909K, committed 6912K, reserved 1048576K

Card table byte_map: [0x0000024f3abf0000,0x0000024f3ae00000] _byte_map_base: 0x0000024f3a5f0000

Marking Bits: (ParMarkBitMap*) 0x00007ffdb1e8bb10
 Begin Bits: [0x0000024f52630000, 0x0000024f53630000)
 End Bits:   [0x0000024f53630000, 0x0000024f54630000)

Polling page: 0x0000024f3a900000

Metaspace:

Usage:
  Non-class:     50.96 MB capacity,    49.01 MB ( 96%) used,     1.84 MB (  4%) free+waste,   111.63 KB ( <1%) overhead. 
      Class:      6.75 MB capacity,     5.79 MB ( 86%) used,   930.17 KB ( 13%) free+waste,    52.94 KB ( <1%) overhead. 
       Both:     57.71 MB capacity,    54.80 MB ( 95%) used,     2.75 MB (  5%) free+waste,   164.56 KB ( <1%) overhead. 

Virtual space:
  Non-class space:       52.00 MB reserved,      51.00 MB ( 98%) committed 
      Class space:        1.00 GB reserved,       6.75 MB ( <1%) committed 
             Both:        1.05 GB reserved,      57.75 MB (  5%) committed 

Chunk freelists:
   Non-Class:  41.00 KB
       Class:  3.00 KB
        Both:  44.00 KB

MaxMetaspaceSize: 17179869184.00 GB
CompressedClassSpaceSize: 1.00 GB

CodeHeap 'non-profiled nmethods': size=120000Kb used=3854Kb max_used=4265Kb free=116145Kb
 bounds [0x0000024f4b100000, 0x0000024f4b530000, 0x0000024f52630000]
CodeHeap 'profiled nmethods': size=120000Kb used=12758Kb max_used=13074Kb free=107241Kb
 bounds [0x0000024f43bd0000, 0x0000024f448c0000, 0x0000024f4b100000]
CodeHeap 'non-nmethods': size=5760Kb used=1365Kb max_used=1447Kb free=4394Kb
 bounds [0x0000024f43630000, 0x0000024f438a0000, 0x0000024f43bd0000]
 total_blobs=9487 nmethods=5690 adapters=578
 compilation: enabled
              stopped_count=0, restarted_count=0
 full_count=0

Compilation events (20 events):
Event: 21.953 Thread 0x0000024f5a07b000 6655       4       org.objectweb.asm.MethodVisitor::visitVarInsn (17 bytes)
Event: 21.954 Thread 0x0000024f56e79000 nmethod 6661 0x0000024f4460d090 code [0x0000024f4460d320, 0x0000024f4460df30]
Event: 21.954 Thread 0x0000024f56e79000 6665       3       org.eclipse.jdt.core.dom.ASTNode$NodeList::size (8 bytes)
Event: 21.954 Thread 0x0000024f56e79000 nmethod 6665 0x0000024f43c7fc90 code [0x0000024f43c7fe40, 0x0000024f43c80078]
Event: 21.954 Thread 0x0000024f56e79000 6663       3       org.objectweb.asm.MethodVisitor::visitLdcInsn (87 bytes)
Event: 21.955 Thread 0x0000024f56e79000 nmethod 6663 0x0000024f43db5610 code [0x0000024f43db5840, 0x0000024f43db6310]
Event: 21.955 Thread 0x0000024f57fd4800 nmethod 6626 0x0000024f4b1bdf90 code [0x0000024f4b1be1a0, 0x0000024f4b1bf318]
Event: 21.955 Thread 0x0000024f57fd4800 6666       4       java.nio.MappedByteBuffer::limit (6 bytes)
Event: 21.957 Thread 0x0000024f57fd4800 nmethod 6666 0x0000024f4b3db290 code [0x0000024f4b3db420, 0x0000024f4b3db518]
Event: 21.957 Thread 0x0000024f57fd4800 6667 %     4       java.util.Properties$LineReader::readLine @ 53 (584 bytes)
Event: 21.962 Thread 0x0000024f5a07b000 nmethod 6655 0x0000024f4b14a510 code [0x0000024f4b14a6e0, 0x0000024f4b14af28]
Event: 21.962 Thread 0x0000024f5a07b000 6668 %     4       java.util.Properties::load0 @ 29 (249 bytes)
Event: 21.963 Thread 0x0000024f56e79000 6669       3       org.eclipse.core.runtime.Path::isUNC (22 bytes)
Event: 21.963 Thread 0x0000024f56e79000 nmethod 6669 0x0000024f43d8d210 code [0x0000024f43d8d3c0, 0x0000024f43d8d5f8]
Event: 21.964 Thread 0x0000024f56e79000 6670       3       org.eclipse.jdt.internal.compiler.parser.Scanner::consumeDigits (7 bytes)
Event: 21.964 Thread 0x0000024f56e79000 nmethod 6670 0x0000024f444a1390 code [0x0000024f444a1540, 0x0000024f444a16f0]
Event: 21.964 Thread 0x0000024f56e79000 6671       3       org.eclipse.jdt.internal.compiler.parser.Scanner::consumeDigits (85 bytes)
Event: 21.964 Thread 0x0000024f56e79000 nmethod 6671 0x0000024f44662790 code [0x0000024f446629a0, 0x0000024f44662f20]
Event: 21.968 Thread 0x0000024f56e79000 6674       3       java.lang.invoke.BootstrapMethodInvoker::maybeReBoxElements (24 bytes)
Event: 21.968 Thread 0x0000024f56e79000 nmethod 6674 0x0000024f44661d10 code [0x0000024f44661f00, 0x0000024f446625b0]

GC Heap History (20 events):
Event: 17.145 GC heap before
{Heap before GC invocations=111 (full 7):
 PSYoungGen      total 48128K, used 48021K [0x00000000eab00000, 0x00000000eeb80000, 0x0000000100000000)
  eden space 35840K, 100% used [0x00000000eab00000,0x00000000ece00000,0x00000000ece00000)
  from space 12288K, 99% used [0x00000000edf80000,0x00000000eeb65468,0x00000000eeb80000)
  to   space 14336K, 0% used [0x00000000ecf80000,0x00000000ecf80000,0x00000000edd80000)
 ParOldGen       total 322560K, used 246285K [0x00000000c0000000, 0x00000000d3b00000, 0x00000000eab00000)
  object space 322560K, 76% used [0x00000000c0000000,0x00000000cf083660,0x00000000d3b00000)
 Metaspace       used 55213K, capacity 58210K, committed 58368K, reserved 1101824K
  class space    used 5848K, capacity 6853K, committed 6912K, reserved 1048576K
}
Event: 17.161 GC heap after
{Heap after GC invocations=111 (full 7):
 PSYoungGen      total 51712K, used 14321K [0x00000000eab00000, 0x00000000efc80000, 0x0000000100000000)
  eden space 37376K, 0% used [0x00000000eab00000,0x00000000eab00000,0x00000000ecf80000)
  from space 14336K, 99% used [0x00000000ecf80000,0x00000000edd7c430,0x00000000edd80000)
  to   space 22528K, 0% used [0x00000000ee680000,0x00000000ee680000,0x00000000efc80000)
 ParOldGen       total 322560K, used 252602K [0x00000000c0000000, 0x00000000d3b00000, 0x00000000eab00000)
  object space 322560K, 78% used [0x00000000c0000000,0x00000000cf6aeaa8,0x00000000d3b00000)
 Metaspace       used 55213K, capacity 58210K, committed 58368K, reserved 1101824K
  class space    used 5848K, capacity 6853K, committed 6912K, reserved 1048576K
}
Event: 17.317 GC heap before
{Heap before GC invocations=112 (full 7):
 PSYoungGen      total 51712K, used 51697K [0x00000000eab00000, 0x00000000efc80000, 0x0000000100000000)
  eden space 37376K, 100% used [0x00000000eab00000,0x00000000ecf80000,0x00000000ecf80000)
  from space 14336K, 99% used [0x00000000ecf80000,0x00000000edd7c430,0x00000000edd80000)
  to   space 22528K, 0% used [0x00000000ee680000,0x00000000ee680000,0x00000000efc80000)
 ParOldGen       total 322560K, used 252602K [0x00000000c0000000, 0x00000000d3b00000, 0x00000000eab00000)
  object space 322560K, 78% used [0x00000000c0000000,0x00000000cf6aeaa8,0x00000000d3b00000)
 Metaspace       used 55213K, capacity 58210K, committed 58368K, reserved 1101824K
  class space    used 5848K, capacity 6853K, committed 6912K, reserved 1048576K
}
Event: 17.335 GC heap after
{Heap after GC invocations=112 (full 7):
 PSYoungGen      total 54272K, used 13946K [0x00000000eab00000, 0x00000000ef480000, 0x0000000100000000)
  eden space 39936K, 0% used [0x00000000eab00000,0x00000000eab00000,0x00000000ed200000)
  from space 14336K, 97% used [0x00000000ee680000,0x00000000ef41ea90,0x00000000ef480000)
  to   space 16384K, 0% used [0x00000000ed480000,0x00000000ed480000,0x00000000ee480000)
 ParOldGen       total 322560K, used 261472K [0x00000000c0000000, 0x00000000d3b00000, 0x00000000eab00000)
  object space 322560K, 81% used [0x00000000c0000000,0x00000000cff58160,0x00000000d3b00000)
 Metaspace       used 55213K, capacity 58210K, committed 58368K, reserved 1101824K
  class space    used 5848K, capacity 6853K, committed 6912K, reserved 1048576K
}
Event: 17.496 GC heap before
{Heap before GC invocations=113 (full 7):
 PSYoungGen      total 54272K, used 53882K [0x00000000eab00000, 0x00000000ef480000, 0x0000000100000000)
  eden space 39936K, 100% used [0x00000000eab00000,0x00000000ed200000,0x00000000ed200000)
  from space 14336K, 97% used [0x00000000ee680000,0x00000000ef41ea90,0x00000000ef480000)
  to   space 16384K, 0% used [0x00000000ed480000,0x00000000ed480000,0x00000000ee480000)
 ParOldGen       total 322560K, used 261472K [0x00000000c0000000, 0x00000000d3b00000, 0x00000000eab00000)
  object space 322560K, 81% used [0x00000000c0000000,0x00000000cff58160,0x00000000d3b00000)
 Metaspace       used 55213K, capacity 58210K, committed 58368K, reserved 1101824K
  class space    used 5848K, capacity 6853K, committed 6912K, reserved 1048576K
}
Event: 17.510 GC heap after
{Heap after GC invocations=113 (full 7):
 PSYoungGen      total 58880K, used 16377K [0x00000000eab00000, 0x00000000f0600000, 0x0000000100000000)
  eden space 42496K, 0% used [0x00000000eab00000,0x00000000eab00000,0x00000000ed480000)
  from space 16384K, 99% used [0x00000000ed480000,0x00000000ee47e400,0x00000000ee480000)
  to   space 25088K, 0% used [0x00000000eed80000,0x00000000eed80000,0x00000000f0600000)
 ParOldGen       total 322560K, used 268194K [0x00000000c0000000, 0x00000000d3b00000, 0x00000000eab00000)
  object space 322560K, 83% used [0x00000000c0000000,0x00000000d05e8ae8,0x00000000d3b00000)
 Metaspace       used 55213K, capacity 58210K, committed 58368K, reserved 1101824K
  class space    used 5848K, capacity 6853K, committed 6912K, reserved 1048576K
}
Event: 17.669 GC heap before
{Heap before GC invocations=114 (full 7):
 PSYoungGen      total 58880K, used 58873K [0x00000000eab00000, 0x00000000f0600000, 0x0000000100000000)
  eden space 42496K, 100% used [0x00000000eab00000,0x00000000ed480000,0x00000000ed480000)
  from space 16384K, 99% used [0x00000000ed480000,0x00000000ee47e400,0x00000000ee480000)
  to   space 25088K, 0% used [0x00000000eed80000,0x00000000eed80000,0x00000000f0600000)
 ParOldGen       total 322560K, used 268194K [0x00000000c0000000, 0x00000000d3b00000, 0x00000000eab00000)
  object space 322560K, 83% used [0x00000000c0000000,0x00000000d05e8ae8,0x00000000d3b00000)
 Metaspace       used 55213K, capacity 58210K, committed 58368K, reserved 1101824K
  class space    used 5848K, capacity 6853K, committed 6912K, reserved 1048576K
}
Event: 17.690 GC heap after
{Heap after GC invocations=114 (full 7):
 PSYoungGen      total 61952K, used 15941K [0x00000000eab00000, 0x00000000efd80000, 0x0000000100000000)
  eden space 45568K, 0% used [0x00000000eab00000,0x00000000eab00000,0x00000000ed780000)
  from space 16384K, 97% used [0x00000000eed80000,0x00000000efd11608,0x00000000efd80000)
  to   space 18944K, 0% used [0x00000000ed880000,0x00000000ed880000,0x00000000eeb00000)
 ParOldGen       total 322560K, used 278606K [0x00000000c0000000, 0x00000000d3b00000, 0x00000000eab00000)
  object space 322560K, 86% used [0x00000000c0000000,0x00000000d1013a08,0x00000000d3b00000)
 Metaspace       used 55213K, capacity 58210K, committed 58368K, reserved 1101824K
  class space    used 5848K, capacity 6853K, committed 6912K, reserved 1048576K
}
Event: 17.864 GC heap before
{Heap before GC invocations=115 (full 7):
 PSYoungGen      total 61952K, used 61509K [0x00000000eab00000, 0x00000000efd80000, 0x0000000100000000)
  eden space 45568K, 100% used [0x00000000eab00000,0x00000000ed780000,0x00000000ed780000)
  from space 16384K, 97% used [0x00000000eed80000,0x00000000efd11608,0x00000000efd80000)
  to   space 18944K, 0% used [0x00000000ed880000,0x00000000ed880000,0x00000000eeb00000)
 ParOldGen       total 322560K, used 278606K [0x00000000c0000000, 0x00000000d3b00000, 0x00000000eab00000)
  object space 322560K, 86% used [0x00000000c0000000,0x00000000d1013a08,0x00000000d3b00000)
 Metaspace       used 55213K, capacity 58210K, committed 58368K, reserved 1101824K
  class space    used 5848K, capacity 6853K, committed 6912K, reserved 1048576K
}
Event: 17.878 GC heap after
{Heap after GC invocations=115 (full 7):
 PSYoungGen      total 65536K, used 18914K [0x00000000eab00000, 0x00000000f1180000, 0x0000000100000000)
  eden space 46592K, 0% used [0x00000000eab00000,0x00000000eab00000,0x00000000ed880000)
  from space 18944K, 99% used [0x00000000ed880000,0x00000000eeaf88d8,0x00000000eeb00000)
  to   space 28160K, 0% used [0x00000000ef600000,0x00000000ef600000,0x00000000f1180000)
 ParOldGen       total 322560K, used 285911K [0x00000000c0000000, 0x00000000d3b00000, 0x00000000eab00000)
  object space 322560K, 88% used [0x00000000c0000000,0x00000000d1735d30,0x00000000d3b00000)
 Metaspace       used 55213K, capacity 58210K, committed 58368K, reserved 1101824K
  class space    used 5848K, capacity 6853K, committed 6912K, reserved 1048576K
}
Event: 17.998 GC heap before
{Heap before GC invocations=116 (full 7):
 PSYoungGen      total 65536K, used 65506K [0x00000000eab00000, 0x00000000f1180000, 0x0000000100000000)
  eden space 46592K, 100% used [0x00000000eab00000,0x00000000ed880000,0x00000000ed880000)
  from space 18944K, 99% used [0x00000000ed880000,0x00000000eeaf88d8,0x00000000eeb00000)
  to   space 28160K, 0% used [0x00000000ef600000,0x00000000ef600000,0x00000000f1180000)
 ParOldGen       total 322560K, used 285911K [0x00000000c0000000, 0x00000000d3b00000, 0x00000000eab00000)
  object space 322560K, 88% used [0x00000000c0000000,0x00000000d1735d30,0x00000000d3b00000)
 Metaspace       used 55213K, capacity 58210K, committed 58368K, reserved 1101824K
  class space    used 5848K, capacity 6853K, committed 6912K, reserved 1048576K
}
Event: 18.014 GC heap after
{Heap after GC invocations=116 (full 7):
 PSYoungGen      total 69632K, used 18983K [0x00000000eab00000, 0x00000000f0900000, 0x0000000100000000)
  eden space 50176K, 0% used [0x00000000eab00000,0x00000000eab00000,0x00000000edc00000)
  from space 19456K, 97% used [0x00000000ef600000,0x00000000f0889e08,0x00000000f0900000)
  to   space 22016K, 0% used [0x00000000ede00000,0x00000000ede00000,0x00000000ef380000)
 ParOldGen       total 322560K, used 297930K [0x00000000c0000000, 0x00000000d3b00000, 0x00000000eab00000)
  object space 322560K, 92% used [0x00000000c0000000,0x00000000d22f2b50,0x00000000d3b00000)
 Metaspace       used 55213K, capacity 58210K, committed 58368K, reserved 1101824K
  class space    used 5848K, capacity 6853K, committed 6912K, reserved 1048576K
}
Event: 18.090 GC heap before
{Heap before GC invocations=117 (full 7):
 PSYoungGen      total 69632K, used 69159K [0x00000000eab00000, 0x00000000f0900000, 0x0000000100000000)
  eden space 50176K, 100% used [0x00000000eab00000,0x00000000edc00000,0x00000000edc00000)
  from space 19456K, 97% used [0x00000000ef600000,0x00000000f0889e08,0x00000000f0900000)
  to   space 22016K, 0% used [0x00000000ede00000,0x00000000ede00000,0x00000000ef380000)
 ParOldGen       total 322560K, used 297930K [0x00000000c0000000, 0x00000000d3b00000, 0x00000000eab00000)
  object space 322560K, 92% used [0x00000000c0000000,0x00000000d22f2b50,0x00000000d3b00000)
 Metaspace       used 55213K, capacity 58210K, committed 58368K, reserved 1101824K
  class space    used 5848K, capacity 6853K, committed 6912K, reserved 1048576K
}
Event: 18.109 GC heap after
{Heap after GC invocations=117 (full 7):
 PSYoungGen      total 74240K, used 22009K [0x00000000eab00000, 0x00000000f2a80000, 0x0000000100000000)
  eden space 52224K, 0% used [0x00000000eab00000,0x00000000eab00000,0x00000000ede00000)
  from space 22016K, 99% used [0x00000000ede00000,0x00000000ef37e750,0x00000000ef380000)
  to   space 37888K, 0% used [0x00000000f0580000,0x00000000f0580000,0x00000000f2a80000)
 ParOldGen       total 322560K, used 310804K [0x00000000c0000000, 0x00000000d3b00000, 0x00000000eab00000)
  object space 322560K, 96% used [0x00000000c0000000,0x00000000d2f85330,0x00000000d3b00000)
 Metaspace       used 55213K, capacity 58210K, committed 58368K, reserved 1101824K
  class space    used 5848K, capacity 6853K, committed 6912K, reserved 1048576K
}
Event: 18.110 GC heap before
{Heap before GC invocations=118 (full 8):
 PSYoungGen      total 74240K, used 22009K [0x00000000eab00000, 0x00000000f2a80000, 0x0000000100000000)
  eden space 52224K, 0% used [0x00000000eab00000,0x00000000eab00000,0x00000000ede00000)
  from space 22016K, 99% used [0x00000000ede00000,0x00000000ef37e750,0x00000000ef380000)
  to   space 37888K, 0% used [0x00000000f0580000,0x00000000f0580000,0x00000000f2a80000)
 ParOldGen       total 322560K, used 310804K [0x00000000c0000000, 0x00000000d3b00000, 0x00000000eab00000)
  object space 322560K, 96% used [0x00000000c0000000,0x00000000d2f85330,0x00000000d3b00000)
 Metaspace       used 55213K, capacity 58210K, committed 58368K, reserved 1101824K
  class space    used 5848K, capacity 6853K, committed 6912K, reserved 1048576K
}
Event: 18.993 GC heap after
{Heap after GC invocations=118 (full 8):
 PSYoungGen      total 74240K, used 5947K [0x00000000eab00000, 0x00000000f2c00000, 0x0000000100000000)
  eden space 52224K, 0% used [0x00000000eab00000,0x00000000eab00000,0x00000000ede00000)
  from space 22016K, 27% used [0x00000000ede00000,0x00000000ee3cef08,0x00000000ef380000)
  to   space 37888K, 0% used [0x00000000f0700000,0x00000000f0700000,0x00000000f2c00000)
 ParOldGen       total 449536K, used 322090K [0x00000000c0000000, 0x00000000db700000, 0x00000000eab00000)
  object space 449536K, 71% used [0x00000000c0000000,0x00000000d3a8ab78,0x00000000db700000)
 Metaspace       used 55213K, capacity 58210K, committed 58368K, reserved 1101824K
  class space    used 5848K, capacity 6853K, committed 6912K, reserved 1048576K
}
Event: 19.448 GC heap before
{Heap before GC invocations=119 (full 8):
 PSYoungGen      total 74240K, used 58171K [0x00000000eab00000, 0x00000000f2c00000, 0x0000000100000000)
  eden space 52224K, 100% used [0x00000000eab00000,0x00000000ede00000,0x00000000ede00000)
  from space 22016K, 27% used [0x00000000ede00000,0x00000000ee3cef08,0x00000000ef380000)
  to   space 37888K, 0% used [0x00000000f0700000,0x00000000f0700000,0x00000000f2c00000)
 ParOldGen       total 449536K, used 322090K [0x00000000c0000000, 0x00000000db700000, 0x00000000eab00000)
  object space 449536K, 71% used [0x00000000c0000000,0x00000000d3a8ab78,0x00000000db700000)
 Metaspace       used 55227K, capacity 58210K, committed 58368K, reserved 1101824K
  class space    used 5848K, capacity 6853K, committed 6912K, reserved 1048576K
}
Event: 19.483 GC heap after
{Heap after GC invocations=119 (full 8):
 PSYoungGen      total 78336K, used 22305K [0x00000000eab00000, 0x00000000f1d00000, 0x0000000100000000)
  eden space 55808K, 0% used [0x00000000eab00000,0x00000000eab00000,0x00000000ee180000)
  from space 22528K, 99% used [0x00000000f0700000,0x00000000f1cc85c8,0x00000000f1d00000)
  to   space 27136K, 0% used [0x00000000ee800000,0x00000000ee800000,0x00000000f0280000)
 ParOldGen       total 449536K, used 325630K [0x00000000c0000000, 0x00000000db700000, 0x00000000eab00000)
  object space 449536K, 72% used [0x00000000c0000000,0x00000000d3dff980,0x00000000db700000)
 Metaspace       used 55227K, capacity 58210K, committed 58368K, reserved 1101824K
  class space    used 5848K, capacity 6853K, committed 6912K, reserved 1048576K
}
Event: 20.778 GC heap before
{Heap before GC invocations=120 (full 8):
 PSYoungGen      total 78336K, used 78113K [0x00000000eab00000, 0x00000000f1d00000, 0x0000000100000000)
  eden space 55808K, 100% used [0x00000000eab00000,0x00000000ee180000,0x00000000ee180000)
  from space 22528K, 99% used [0x00000000f0700000,0x00000000f1cc85c8,0x00000000f1d00000)
  to   space 27136K, 0% used [0x00000000ee800000,0x00000000ee800000,0x00000000f0280000)
 ParOldGen       total 449536K, used 325630K [0x00000000c0000000, 0x00000000db700000, 0x00000000eab00000)
  object space 449536K, 72% used [0x00000000c0000000,0x00000000d3dff980,0x00000000db700000)
 Metaspace       used 55227K, capacity 58210K, committed 58368K, reserved 1101824K
  class space    used 5848K, capacity 6853K, committed 6912K, reserved 1048576K
}
Event: 20.837 GC heap after
{Heap after GC invocations=120 (full 8):
 PSYoungGen      total 86528K, used 27120K [0x00000000eab00000, 0x00000000f6800000, 0x0000000100000000)
  eden space 59392K, 0% used [0x00000000eab00000,0x00000000eab00000,0x00000000ee500000)
  from space 27136K, 99% used [0x00000000ee800000,0x00000000f027c3e0,0x00000000f0280000)
  to   space 67072K, 0% used [0x00000000f2680000,0x00000000f2680000,0x00000000f6800000)
 ParOldGen       total 449536K, used 358661K [0x00000000c0000000, 0x00000000db700000, 0x00000000eab00000)
  object space 449536K, 79% used [0x00000000c0000000,0x00000000d5e41610,0x00000000db700000)
 Metaspace       used 55227K, capacity 58210K, committed 58368K, reserved 1101824K
  class space    used 5848K, capacity 6853K, committed 6912K, reserved 1048576K
}

Deoptimization events (20 events):
Event: 21.956 Thread 0x0000024f6670b000 DEOPT PACKING pc=0x0000024f44557726 sp=0x000000d4b67fd580
Event: 21.956 Thread 0x0000024f6670b000 DEOPT UNPACKING pc=0x0000024f4367964e sp=0x000000d4b67fca70 mode 0
Event: 21.957 Thread 0x0000024f6670b000 DEOPT PACKING pc=0x0000024f44557726 sp=0x000000d4b67fd580
Event: 21.957 Thread 0x0000024f6670b000 DEOPT UNPACKING pc=0x0000024f4367964e sp=0x000000d4b67fca70 mode 0
Event: 21.957 Thread 0x0000024f6670b000 DEOPT PACKING pc=0x0000024f44557726 sp=0x000000d4b67fd580
Event: 21.957 Thread 0x0000024f6670b000 DEOPT UNPACKING pc=0x0000024f4367964e sp=0x000000d4b67fca70 mode 0
Event: 21.958 Thread 0x0000024f6670b000 DEOPT PACKING pc=0x0000024f44557726 sp=0x000000d4b67fd580
Event: 21.958 Thread 0x0000024f6670b000 DEOPT UNPACKING pc=0x0000024f4367964e sp=0x000000d4b67fca70 mode 0
Event: 21.958 Thread 0x0000024f6670b000 DEOPT PACKING pc=0x0000024f44557726 sp=0x000000d4b67fd580
Event: 21.958 Thread 0x0000024f6670b000 DEOPT UNPACKING pc=0x0000024f4367964e sp=0x000000d4b67fca70 mode 0
Event: 21.959 Thread 0x0000024f6670b000 DEOPT PACKING pc=0x0000024f44557726 sp=0x000000d4b67fd580
Event: 21.959 Thread 0x0000024f6670b000 DEOPT UNPACKING pc=0x0000024f4367964e sp=0x000000d4b67fca70 mode 0
Event: 21.959 Thread 0x0000024f6670b000 DEOPT PACKING pc=0x0000024f44557726 sp=0x000000d4b67fd580
Event: 21.959 Thread 0x0000024f6670b000 DEOPT UNPACKING pc=0x0000024f4367964e sp=0x000000d4b67fca70 mode 0
Event: 21.960 Thread 0x0000024f6670b000 DEOPT PACKING pc=0x0000024f44557726 sp=0x000000d4b67fd580
Event: 21.960 Thread 0x0000024f6670b000 DEOPT UNPACKING pc=0x0000024f4367964e sp=0x000000d4b67fca70 mode 0
Event: 21.960 Thread 0x0000024f6670b000 DEOPT PACKING pc=0x0000024f44557726 sp=0x000000d4b67fd580
Event: 21.960 Thread 0x0000024f6670b000 DEOPT UNPACKING pc=0x0000024f4367964e sp=0x000000d4b67fca70 mode 0
Event: 21.961 Thread 0x0000024f6670b000 DEOPT PACKING pc=0x0000024f44557726 sp=0x000000d4b67fd580
Event: 21.961 Thread 0x0000024f6670b000 DEOPT UNPACKING pc=0x0000024f4367964e sp=0x000000d4b67fca70 mode 0

Classes unloaded (1 events):
Event: 14.204 Thread 0x0000024f55211800 Unloading class 0x00000008011be840 'org/eclipse/jdt/ls/core/internal/JDTUtils$$Lambda$323'

Classes redefined (0 events):
No events

Internal exceptions (20 events):
Event: 14.096 Thread 0x0000024f58542000 Exception <a 'java/lang/ArrayIndexOutOfBoundsException'{0x00000000eacfdee8}> (0x00000000eacfdee8) 
thrown [t:/workspace/open/src/hotspot/share/runtime/sharedRuntime.cpp, line 585]
Event: 14.573 Thread 0x0000024f58543000 Exception <a 'sun/nio/fs/WindowsException'{0x00000000eac6e820}> (0x00000000eac6e820) 
thrown [t:/workspace/open/src/hotspot/share/prims/jni.cpp, line 598]
Event: 14.577 Thread 0x0000024f58543000 Exception <a 'sun/nio/fs/WindowsException'{0x00000000ead04228}> (0x00000000ead04228) 
thrown [t:/workspace/open/src/hotspot/share/prims/jni.cpp, line 598]
Event: 14.579 Thread 0x0000024f58543000 Exception <a 'sun/nio/fs/WindowsException'{0x00000000ead6c008}> (0x00000000ead6c008) 
thrown [t:/workspace/open/src/hotspot/share/prims/jni.cpp, line 598]
Event: 14.582 Thread 0x0000024f58543000 Exception <a 'sun/nio/fs/WindowsException'{0x00000000eade73e0}> (0x00000000eade73e0) 
thrown [t:/workspace/open/src/hotspot/share/prims/jni.cpp, line 598]
Event: 15.401 Thread 0x0000024f57f56800 Implicit null exception at 0x0000024f4b453b1d to 0x0000024f4b45d412
Event: 16.309 Thread 0x0000024f66706000 Exception <a 'java/lang/ArrayIndexOutOfBoundsException'{0x00000000eab928d8}: Index 678 out of bounds for length 678> (0x00000000eab928d8) 
thrown [t:/workspace/open/src/hotspot/share/interpreter/interpreterRuntime.cpp, line 458]
Event: 21.785 Thread 0x0000024f57f56800 Exception <a 'java/lang/ArrayIndexOutOfBoundsException'{0x00000000eb922110}> (0x00000000eb922110) 
thrown [t:/workspace/open/src/hotspot/share/runtime/sharedRuntime.cpp, line 585]
Event: 21.789 Thread 0x0000024f57f56800 Implicit null exception at 0x0000024f4b4c9db3 to 0x0000024f4b4cc88e
Event: 21.792 Thread 0x0000024f57f56800 Exception <a 'java/lang/ArrayIndexOutOfBoundsException'{0x00000000eb93a3a8}> (0x00000000eb93a3a8) 
thrown [t:/workspace/open/src/hotspot/share/runtime/sharedRuntime.cpp, line 585]
Event: 21.872 Thread 0x0000024f66704000 Exception <a 'java/lang/NoSuchMethodError'{0x00000000eba2c2f8}: 'void java.lang.invoke.DirectMethodHandle$Holder.invokeVirtual(java.lang.Object, java.lang.Object)'> (0x00000000eba2c2f8) 
thrown [t:/workspace/open/src/hotspot/share/interpreter/linkResolver.cpp, line 767]
Event: 21.872 Thread 0x0000024f6670b000 Exception <a 'java/lang/NoSuchMethodError'{0x00000000eba19fe8}: 'void java.lang.invoke.DirectMethodHandle$Holder.invokeVirtual(java.lang.Object, java.lang.Object)'> (0x00000000eba19fe8) 
thrown [t:/workspace/open/src/hotspot/share/interpreter/linkResolver.cpp, line 767]
Event: 21.883 Thread 0x0000024f6670b000 Exception <a 'java/lang/LinkageError'{0x00000000ec256240}: loader lombok.launch.ShadowClassLoader @2cd7b172 attempted duplicate class definition for lombok.launch.PatchFixesHider$PatchFixes. (lombok.launch.PatchFixesHider$PatchFixes is in unnamed module of loader lombok.launch.ShadowClassLoader @2cd7b172, parent loader org.eclipse.osgi.internal.loader.EquinoxClassLoader @3b383d02)> (0x00000000ec256240) 
thrown [t:/workspace/open/src/hotspot/share/classfile/systemDictionary.cpp, line 2123]
Event: 21.890 Thread 0x0000024f66704000 Implicit null exception at 0x0000024f4b49d408 to 0x0000024f4b49d7b6
Event: 21.890 Thread 0x0000024f6670b000 Implicit null exception at 0x0000024f4b49d408 to 0x0000024f4b49d7b6
Event: 21.903 Thread 0x0000024f66704000 Exception <a 'java/lang/ArrayIndexOutOfBoundsException'{0x00000000ec4bde00}> (0x00000000ec4bde00) 
thrown [t:/workspace/open/src/hotspot/share/runtime/sharedRuntime.cpp, line 585]
Event: 21.903 Thread 0x0000024f6670b000 Exception <a 'java/lang/ArrayIndexOutOfBoundsException'{0x00000000ec4d0ac8}> (0x00000000ec4d0ac8) 
thrown [t:/workspace/open/src/hotspot/share/runtime/sharedRuntime.cpp, line 585]
Event: 21.939 Thread 0x0000024f66704000 Exception <a 'java/lang/ArrayIndexOutOfBoundsException'{0x00000000ec945838}> (0x00000000ec945838) 
thrown [t:/workspace/open/src/hotspot/share/runtime/sharedRuntime.cpp, line 585]
Event: 21.939 Thread 0x0000024f6670b000 Exception <a 'java/lang/ArrayIndexOutOfBoundsException'{0x00000000ec939df0}> (0x00000000ec939df0) 
thrown [t:/workspace/open/src/hotspot/share/runtime/sharedRuntime.cpp, line 585]
Event: 21.964 Thread 0x0000024f6670b000 Exception <a 'java/lang/ArrayIndexOutOfBoundsException'{0x00000000ecafc308}> (0x00000000ecafc308) 
thrown [t:/workspace/open/src/hotspot/share/runtime/sharedRuntime.cpp, line 585]

Events (20 events):
Event: 21.872 loading class org/eclipse/jdt/internal/core/index/Index done
Event: 21.872 loading class org/eclipse/jdt/internal/core/index/Index
Event: 21.872 loading class org/eclipse/jdt/internal/core/index/Index done
Event: 21.889 Executing VM operation: Deoptimize
Event: 21.890 Executing VM operation: Deoptimize done
Event: 21.918 Thread 0x0000024f5a07b000 Thread added: 0x0000024f5a07b000
Event: 21.928 Executing VM operation: Deoptimize
Event: 21.929 Executing VM operation: Deoptimize done
Event: 21.967 loading class org/eclipse/jdt/core/dom/IVariableBinding
Event: 21.967 loading class org/eclipse/jdt/core/dom/IVariableBinding done
Event: 21.967 loading class org/eclipse/jdt/core/dom/IVariableBinding
Event: 21.967 loading class org/eclipse/jdt/core/dom/IVariableBinding done
Event: 21.967 loading class org/eclipse/jdt/core/IType
Event: 21.967 loading class org/eclipse/jdt/core/IType done
Event: 21.968 loading class org/eclipse/core/runtime/IProgressMonitor
Event: 21.968 loading class org/eclipse/core/runtime/IProgressMonitor done
Event: 21.968 loading class org/eclipse/jdt/core/IType
Event: 21.968 loading class org/eclipse/jdt/core/IType done
Event: 21.968 loading class org/eclipse/core/runtime/IProgressMonitor
Event: 21.968 loading class org/eclipse/core/runtime/IProgressMonitor done


Dynamic libraries:
0x00007ff7930d0000 - 0x00007ff7930df000 	C:\Program Files\Java\jdk-13.0.1\bin\java.exe
0x00007ffe07b50000 - 0x00007ffe07d45000 	C:\WINDOWS\SYSTEM32\ntdll.dll
0x00007ffe06310000 - 0x00007ffe063cd000 	C:\WINDOWS\System32\KERNEL32.DLL
0x00007ffe05680000 - 0x00007ffe05949000 	C:\WINDOWS\System32\KERNELBASE.dll
0x00007ffe054d0000 - 0x00007ffe055d0000 	C:\WINDOWS\System32\ucrtbase.dll
0x00007ffdf5ae0000 - 0x00007ffdf5af5000 	C:\Program Files\Java\jdk-13.0.1\bin\VCRUNTIME140.dll
0x00007ffdfcc90000 - 0x00007ffdfcca8000 	C:\Program Files\Java\jdk-13.0.1\bin\jli.dll
0x00007ffe07520000 - 0x00007ffe075cc000 	C:\WINDOWS\System32\ADVAPI32.dll
0x00007ffe07720000 - 0x00007ffe077be000 	C:\WINDOWS\System32\msvcrt.dll
0x00007ffe071f0000 - 0x00007ffe0728b000 	C:\WINDOWS\System32\sechost.dll
0x00007ffe063d0000 - 0x00007ffe064fa000 	C:\WINDOWS\System32\RPCRT4.dll
0x00007ffe07000000 - 0x00007ffe071a0000 	C:\WINDOWS\System32\USER32.dll
0x00007ffddfaa0000 - 0x00007ffddfd3a000 	C:\WINDOWS\WinSxS\amd64_microsoft.windows.common-controls_6595b64144ccf1df_6.0.19041.1083_none_60bbe31371f34e71\COMCTL32.dll
0x00007ffe05b10000 - 0x00007ffe05b32000 	C:\WINDOWS\System32\win32u.dll
0x00007ffe071a0000 - 0x00007ffe071ca000 	C:\WINDOWS\System32\GDI32.dll
0x00007ffe053c0000 - 0x00007ffe054cb000 	C:\WINDOWS\System32\gdi32full.dll
0x00007ffe05290000 - 0x00007ffe0532d000 	C:\WINDOWS\System32\msvcp_win.dll
0x00007ffdfd590000 - 0x00007ffdfd59a000 	C:\WINDOWS\SYSTEM32\VERSION.dll
0x00007ffe076f0000 - 0x00007ffe07720000 	C:\WINDOWS\System32\IMM32.DLL
0x00007ffdeb8c0000 - 0x00007ffdeb95b000 	C:\Program Files\Java\jdk-13.0.1\bin\msvcp140.dll
0x00007ffdb13f0000 - 0x00007ffdb1f56000 	C:\Program Files\Java\jdk-13.0.1\bin\server\jvm.dll
0x00007ffe06300000 - 0x00007ffe06308000 	C:\WINDOWS\System32\PSAPI.DLL
0x00007ffdf5f90000 - 0x00007ffdf5f99000 	C:\WINDOWS\SYSTEM32\WSOCK32.dll
0x00007ffe06f90000 - 0x00007ffe06ffb000 	C:\WINDOWS\System32\WS2_32.dll
0x00007ffdf6420000 - 0x00007ffdf6447000 	C:\WINDOWS\SYSTEM32\WINMM.dll
0x00007ffe03b40000 - 0x00007ffe03b52000 	C:\WINDOWS\SYSTEM32\kernel.appcore.dll
0x00007ffdff0f0000 - 0x00007ffdff100000 	C:\Program Files\Java\jdk-13.0.1\bin\verify.dll
0x00007ffe03090000 - 0x00007ffe03274000 	C:\WINDOWS\SYSTEM32\DBGHELP.DLL
0x00007ffdfd7d0000 - 0x00007ffdfd7fc000 	C:\WINDOWS\SYSTEM32\dbgcore.DLL
0x00007ffe05330000 - 0x00007ffe053b3000 	C:\WINDOWS\System32\bcryptPrimitives.dll
0x00007ffdf5380000 - 0x00007ffdf53a6000 	C:\Program Files\Java\jdk-13.0.1\bin\java.dll
0x00007ffdfe4a0000 - 0x00007ffdfe4ae000 	C:\Program Files\Java\jdk-13.0.1\bin\instrument.dll
0x00007ffdf33e0000 - 0x00007ffdf33f7000 	C:\Program Files\Java\jdk-13.0.1\bin\zip.dll
0x00007ffdfc8c0000 - 0x00007ffdfc8ca000 	C:\Program Files\Java\jdk-13.0.1\bin\jimage.dll
0x00007ffe05bc0000 - 0x00007ffe062ff000 	C:\WINDOWS\System32\SHELL32.dll
0x00007ffe03280000 - 0x00007ffe03a11000 	C:\WINDOWS\SYSTEM32\windows.storage.dll
0x00007ffe06610000 - 0x00007ffe06965000 	C:\WINDOWS\System32\combase.dll
0x00007ffe04c30000 - 0x00007ffe04c5c000 	C:\WINDOWS\SYSTEM32\Wldp.dll
0x00007ffe06a10000 - 0x00007ffe06abe000 	C:\WINDOWS\System32\SHCORE.dll
0x00007ffe06ac0000 - 0x00007ffe06b15000 	C:\WINDOWS\System32\shlwapi.dll
0x00007ffe051d0000 - 0x00007ffe051ef000 	C:\WINDOWS\SYSTEM32\profapi.dll
0x00007ffdec060000 - 0x00007ffdec079000 	C:\Program Files\Java\jdk-13.0.1\bin\net.dll
0x00007ffdfb600000 - 0x00007ffdfb70a000 	C:\WINDOWS\SYSTEM32\WINHTTP.dll
0x00007ffe04940000 - 0x00007ffe049aa000 	C:\WINDOWS\system32\mswsock.dll
0x00007ffdebfa0000 - 0x00007ffdebfb3000 	C:\Program Files\Java\jdk-13.0.1\bin\nio.dll
0x00007ffe04b60000 - 0x00007ffe04b78000 	C:\WINDOWS\SYSTEM32\CRYPTSP.dll
0x00007ffe042f0000 - 0x00007ffe04324000 	C:\WINDOWS\system32\rsaenh.dll
0x00007ffe05b90000 - 0x00007ffe05bb7000 	C:\WINDOWS\System32\bcrypt.dll
0x00007ffe05150000 - 0x00007ffe0517e000 	C:\WINDOWS\SYSTEM32\USERENV.dll
0x00007ffe04b50000 - 0x00007ffe04b5c000 	C:\WINDOWS\SYSTEM32\CRYPTBASE.dll
0x00007ffe04650000 - 0x00007ffe0468b000 	C:\WINDOWS\SYSTEM32\IPHLPAPI.DLL
0x00007ffe06970000 - 0x00007ffe06978000 	C:\WINDOWS\System32\NSI.dll
0x00007ffdfd5a0000 - 0x00007ffdfd5b7000 	C:\WINDOWS\SYSTEM32\dhcpcsvc6.DLL
0x00007ffdfdb80000 - 0x00007ffdfdb9d000 	C:\WINDOWS\SYSTEM32\dhcpcsvc.DLL
0x00007ffe04690000 - 0x00007ffe0475c000 	C:\WINDOWS\SYSTEM32\DNSAPI.dll
0x00007ffdfc1c0000 - 0x00007ffdfc1fe000 	C:\Users\xogud\AppData\Roaming\Code\User\globalStorage\redhat.java\0.80.0\config_win\org.eclipse.equinox.launcher\org.eclipse.equinox.launcher.win32.win32.x86_64_1.2.300.v20210617-0451\eclipse_11502.dll
0x00007ffdfc890000 - 0x00007ffdfc8a1000 	C:\Users\xogud\AppData\Roaming\Code\User\globalStorage\redhat.java\0.80.0\config_win\org.eclipse.osgi\23\0\.cp\jWinHttp-1.0.0.dll
0x00007ffe079e0000 - 0x00007ffe07b0a000 	C:\WINDOWS\System32\ole32.dll
0x00007ffdfd8e0000 - 0x00007ffdfd8ee000 	C:\Program Files\Java\jdk-13.0.1\bin\sunmscapi.dll
0x00007ffe05950000 - 0x00007ffe05aaf000 	C:\WINDOWS\System32\CRYPT32.dll
0x00007ffe04ca0000 - 0x00007ffe04cc7000 	C:\WINDOWS\SYSTEM32\ncrypt.dll
0x00007ffe04c60000 - 0x00007ffe04c9b000 	C:\WINDOWS\SYSTEM32\NTASN1.dll
0x00007ffdfb040000 - 0x00007ffdfb065000 	C:\Program Files\Java\jdk-13.0.1\bin\sunec.dll

dbghelp: loaded successfully - version: 4.0.5 - missing functions: none
symbol engine: initialized successfully - sym options: 0x614 - pdb path: .;C:\Program Files\Java\jdk-13.0.1\bin;C:\WINDOWS\SYSTEM32;C:\WINDOWS\WinSxS\amd64_microsoft.windows.common-controls_6595b64144ccf1df_6.0.19041.1083_none_60bbe31371f34e71;C:\Program Files\Java\jdk-13.0.1\bin\server;C:\Users\xogud\AppData\Roaming\Code\User\globalStorage\redhat.java\0.80.0\config_win\org.eclipse.equinox.launcher\org.eclipse.equinox.launcher.win32.win32.x86_64_1.2.300.v20210617-0451;C:\Users\xogud\AppData\Roaming\Code\User\globalStorage\redhat.java\0.80.0\config_win\org.eclipse.osgi\23\0\.cp

VM Arguments:
jvm_args: --add-modules=ALL-SYSTEM --add-opens=java.base/java.util=ALL-UNNAMED --add-opens=java.base/java.lang=ALL-UNNAMED -Declipse.application=org.eclipse.jdt.ls.core.id1 -Dosgi.bundles.defaultStartLevel=4 -Declipse.product=org.eclipse.jdt.ls.core.product -Dfile.encoding=utf8 -DwatchParentProcess=false -XX:+UseParallelGC -XX:GCTimeRatio=4 -XX:AdaptiveSizePolicyWeight=90 -Dsun.zip.disableMemoryMapping=true -Xmx1G -Xms100m -javaagent:c:\Users\xogud\.vscode\extensions\gabrielbb.vscode-lombok-1.0.1\server\lombok.jar 
java_command: c:\Users\xogud\.vscode\extensions\redhat.java-0.80.0\server\plugins\org.eclipse.equinox.launcher_1.6.200.v20210416-2027.jar -configuration c:\Users\xogud\AppData\Roaming\Code\User\globalStorage\redhat.java\0.80.0\config_win -data c:\Users\xogud\AppData\Roaming\Code\User\workspaceStorage\ff9b24970769532611ed4ae44a523e22\redhat.java\jdt_ws
java_class_path (initial): c:\Users\xogud\.vscode\extensions\redhat.java-0.80.0\server\plugins\org.eclipse.equinox.launcher_1.6.200.v20210416-2027.jar
Launcher Type: SUN_STANDARD

[Global flags]
    uintx AdaptiveSizePolicyWeight                 = 90                                        {product} {command line}
     intx CICompilerCount                          = 4                                         {product} {ergonomic}
    uintx GCTimeRatio                              = 4                                         {product} {command line}
   size_t InitialHeapSize                          = 104857600                                 {product} {command line}
   size_t MaxHeapSize                              = 1073741824                                {product} {command line}
   size_t MaxNewSize                               = 357564416                                 {product} {ergonomic}
   size_t MinHeapDeltaBytes                        = 524288                                    {product} {ergonomic}
   size_t MinHeapSize                              = 104857600                                 {product} {command line}
   size_t NewSize                                  = 34603008                                  {product} {ergonomic}
    uintx NonNMethodCodeHeapSize                   = 5836300                                {pd product} {ergonomic}
    uintx NonProfiledCodeHeapSize                  = 122910970                              {pd product} {ergonomic}
   size_t OldSize                                  = 70254592                                  {product} {ergonomic}
    uintx ProfiledCodeHeapSize                     = 122910970                              {pd product} {ergonomic}
    uintx ReservedCodeCacheSize                    = 251658240                              {pd product} {ergonomic}
     bool SegmentedCodeCache                       = true                                      {product} {ergonomic}
   size_t SoftMaxHeapSize                          = 1073741824                             {manageable} {ergonomic}
     bool UseCompressedClassPointers               = true                                 {lp64_product} {ergonomic}
     bool UseCompressedOops                        = true                                 {lp64_product} {ergonomic}
     bool UseLargePagesIndividualAllocation        = false                                  {pd product} {ergonomic}
     bool UseParallelGC                            = true                                      {product} {command line}

Logging:
Log output configuration:
 #0: stdout all=warning uptime,level,tags
 #1: stderr all=off uptime,level,tags

Environment Variables:
JAVA_HOME=C:\Program Files\Java\jdk-13.0.1
CLASSPATH=.
PATH=C:\Program Files (x86)\NAT Service;C:\oraclexe\app\oracle\product\11.2.0\server\bin;C:\Program Files\Java\jdk-13.0.1\bin;C:\WinAVR-20100110\bin;C:\WinAVR-20100110\utils\bin;C:\Program Files (x86)\Common Files\Oracle\Java\javapath;C:\Program Files\Microsoft MPI\Bin\;C:\Program Files (x86)\Intel\iCLS Client\;C:\Program Files\Intel\iCLS Client\;C:\WINDOWS\system32;C:\WINDOWS;C:\WINDOWS\System32\Wbem;C:\WINDOWS\System32\WindowsPowerShell\v1.0\;C:\Program Files\Intel\WiFi\bin\;C:\Program Files\Common Files\Intel\WirelessCommon\;C:\Program Files\dotnet\;C:\Program Files\Microsoft SQL Server\130\Tools\Binn\;C:\WINDOWS\System32\OpenSSH\;"C:\GnuWin32\bin; C:\Dev-Cpp\bin";C:\Dev-Cpp\bin;C:\MinGW\bin;C:\Program Files\Java\jdk-13.0.1\bin;C:\Program Files\Java\jdk-13.0.1;C:\Program Files\Git\cmd;C:\Users\xogud\AppData\Local\Programs\Python\Python38\Scripts\;C:\Users\xogud\AppData\Local\Programs\Python\Python38\;C:\Users\xogud\AppData\Local\Microsoft\WindowsApps;C:\Program Files\Bandizip\;C:\Users\xogud\AppData\Local\GitHubDesktop\bin;"C:\GnuWin32\bin; C:\Dev-Cpp\bin";C:\Dev-Cpp\bin;C:\kotlinc\bin;;C:\Program Files\JetBrains\IntelliJ IDEA Community Edition 2019.3.3\bin;;C:\Users\xogud\AppData\Local\Microsoft\WindowsApps;C:\Users\xogud\AppData\Local\Programs\Microsoft VS Code\bin
USERNAME=xogud
OS=Windows_NT
PROCESSOR_IDENTIFIER=Intel64 Family 6 Model 142 Stepping 10, GenuineIntel



---------------  S Y S T E M  ---------------

OS: Windows 10 , 64 bit Build 19041 (10.0.19041.1023)
HyperV virtualization detected

CPU:total 8 (initial active 8) (4 cores per cpu, 2 threads per core) family 6 model 142 stepping 10, cmov, cx8, fxsr, mmx, sse, sse2, sse3, ssse3, sse4.1, sse4.2, popcnt, avx, avx2, aes, clmul, erms, 3dnowpref, lzcnt, ht, tsc, tscinvbit, bmi1, bmi2, adx, fma

Memory: 4k page, system-wide physical 8025M (1009M free)
TotalPageFile size 8025M (AvailPageFile size 5M)
current process WorkingSet (physical memory assigned to process): 775M, peak: 796M
current process commit charge ("private bytes"): 852M, peak: 852M

vm_info: Java HotSpot(TM) 64-Bit Server VM (13.0.1+9) for windows-amd64 JRE (13.0.1+9), built on Oct  6 2019 12:37:49 by "mach5one" with unknown MS VC++:1916

END.
